<?xml version="1.0" encoding="UTF-8"?>
<!-- Generated by org.testng.reporters.JUnitReportReporter -->
<testsuite skipped="0" hostname="VMT4532" name="testbase.testbase" tests="1" failures="0" timestamp="27 Feb 2019 10:06:22 GMT" time="0.020" errors="0">
  <testcase name="getTitle" time="0.020" classname="testbase.testbase"/>
</testsuite> <!-- testbase.testbase -->
